<?xml version="1.0" ?>
<coverage branch-rate="1" branches-covered="0" branches-valid="0" complexity="0" line-rate="1" lines-covered="6" lines-valid="6" timestamp="1579646904589" version="4.5.4">
	<!-- Generated by coverage.py: https://coverage.readthedocs.io -->
	<!-- Based on https://raw.githubusercontent.com/cobertura/web/master/htdocs/xml/coverage-04.dtd -->
	<sources>
		<source>/home/saluser/gitdir/ts_MTAlignment</source>
	</sources>
	<packages>
		<package branch-rate="1" complexity="0" line-rate="1" name="python.lsst.ts.MTAlignment">
			<classes>
				<class branch-rate="1" complexity="0" filename="python/lsst/ts/MTAlignment/__init__.py" line-rate="1" name="__init__.py">
					<methods/>
					<lines>
						<line hits="1" number="22"/>
					</lines>
				</class>
				<class branch-rate="1" complexity="0" filename="python/lsst/ts/MTAlignment/version.py" line-rate="1" name="version.py">
					<methods/>
					<lines>
						<line hits="1" number="2"/>
						<line hits="1" number="3"/>
						<line hits="1" number="4"/>
						<line hits="1" number="5"/>
						<line hits="1" number="7"/>
					</lines>
				</class>
			</classes>
		</package>
	</packages>
</coverage>
