================================================================= test session starts =================================================================
platform linux -- Python 3.7.2, pytest-4.5.0, py-1.8.0, pluggy-0.9.0
rootdir: /home/saluser/gitdir/ts_MTAlignment, inifile: setup.cfg
plugins: session2file-0.1.9, flake8-1.0.4, xdist-1.29.0, remotedata-0.3.1, openfiles-0.3.2, forked-1.0.2, doctestplus-0.3.0, cov-2.7.1, asyncio-0.10.0, arraydiff-0.3
collecting ... 
collected 2 items                                                                                                                                     
run-last-failure: rerun previous 2 failures (skipped 29 files)

python/lsst/ts/MTAlignment/csc.py .                                                                                                             [ 50%]
python/lsst/ts/MTAlignment/mockT2sa.py .                                                                                                        [100%]WARNING: Failed to generate report: No data to report.



--------------------------- generated xml file: /home/saluser/gitdir/ts_MTAlignment/tests/.tests/pytest-ts_MTAlignment.xml ----------------------------

----------- coverage: platform linux, python 3.7.2-final-0 -----------
Name    Stmts   Miss Branch BrPart  Cover
-----------------------------------------

============================================================== 2 passed in 1.04 seconds ===============================================================
